Arguments: 
  C:\Program Files\nodejs\node.exe C:\Program Files\nodejs\node_modules\yarn\bin\yarn.js init

PATH: 
  C:\Users\ksabbana\AppData\Roaming\npm;C:\Users\ksabbana\bin;C:\Program Files\Git\mingw64\bin;C:\Program Files\Git\usr\local\bin;C:\Program Files\Git\usr\bin;C:\Program Files\Git\usr\bin;C:\Program Files\Git\mingw64\bin;C:\Program Files\Git\usr\bin;C:\Users\ksabbana\bin;C:\windows\system32;C:\windows;C:\windows\System32\Wbem;C:\windows\System32\WindowsPowerShell\v1.0;C:\windows\System32\OpenSSH;C:\Program Files\PuTTY;C:\Program Files\Git\cmd;C:\Users\ksabbana\AppData\Roaming\nvm;C:\Program Files\nodejs;C:\Users\ksabbana\AppData\Local\Programs\Python\Python38\Scripts;C:\Users\ksabbana\AppData\Local\Programs\Python\Python38;C:\Users\ksabbana\AppData\Local\Microsoft\WindowsApps;C:\Users\ksabbana\AppData\Local\Programs\Microsoft VS Code\bin;C:\Users\ksabbana\AppData\Roaming\nvm;C:\Program Files\nodejs;C:\Users\ksabbana\AppData\Local\GitHubDesktop\bin;C:\Program Files\Git\usr\bin\vendor_perl;C:\Program Files\Git\usr\bin\core_perl

Yarn version: 
  1.22.4

Node version: 
  14.19.1

Platform: 
  win32 x64

Trace: 
  Error: Can't answer a question unless a user TTY
      at ConsoleReporter.question (C:\Users\ksabbana\AppData\Roaming\nvm\v14.19.1\node_modules\yarn\lib\cli.js:96800:59)
      at Object.<anonymous> (C:\Users\ksabbana\AppData\Roaming\nvm\v14.19.1\node_modules\yarn\lib\cli.js:89075:38)
      at Generator.next (<anonymous>)
      at step (C:\Users\ksabbana\AppData\Roaming\nvm\v14.19.1\node_modules\yarn\lib\cli.js:310:30)
      at C:\Users\ksabbana\AppData\Roaming\nvm\v14.19.1\node_modules\yarn\lib\cli.js:321:13
      at processTicksAndRejections (internal/process/task_queues.js:95:5)

npm manifest: 
  No manifest

yarn manifest: 
  No manifest

Lockfile: 
  # THIS IS AN AUTOGENERATED FILE. DO NOT EDIT THIS FILE DIRECTLY.
  # yarn lockfile v1
