Arguments: 
  C:\Program Files\nodejs\node.exe C:\Program Files\nodejs\node_modules\yarn\bin\yarn.js add -D eslint-plugin-vue@latest

PATH: 
  C:\Users\ksabbana\AppData\Roaming\npm-cache\_npx\12504;C:\Users\ksabbana\OneDrive - FactSet\Documents\GitHub\tab-tracker\server\node_modules\.bin;C:\Users\ksabbana\AppData\Roaming\nvm\v14.19.1\node_modules\npm\node_modules\npm-lifecycle\node-gyp-bin;C:\Users\ksabbana\OneDrive - FactSet\Documents\GitHub\tab-tracker\server\node_modules\.bin;C:\Users\ksabbana\AppData\Roaming\npm;C:\Users\ksabbana\bin;C:\Program Files\Git\mingw64\bin;C:\Program Files\Git\usr\local\bin;C:\Program Files\Git\usr\bin;C:\Program Files\Git\usr\bin;C:\Program Files\Git\mingw64\bin;C:\Program Files\Git\usr\bin;C:\Users\ksabbana\bin;C:\windows\system32;C:\windows;C:\windows\System32\Wbem;C:\windows\System32\WindowsPowerShell\v1.0;C:\windows\System32\OpenSSH;C:\Program Files\PuTTY;C:\Program Files\Git\cmd;C:\Users\ksabbana\AppData\Roaming\nvm;C:\Program Files\nodejs;C:\Users\ksabbana\AppData\Local\Programs\Python\Python38\Scripts;C:\Users\ksabbana\AppData\Local\Programs\Python\Python38;C:\Users\ksabbana\AppData\Local\Microsoft\WindowsApps;C:\Users\ksabbana\AppData\Local\Programs\Microsoft VS Code\bin;C:\Users\ksabbana\AppData\Roaming\nvm;C:\Program Files\nodejs;C:\Users\ksabbana\AppData\Local\GitHubDesktop\bin;C:\Program Files\Git\usr\bin\vendor_perl;C:\Program Files\Git\usr\bin\core_perl

Yarn version: 
  1.22.4

Node version: 
  14.19.1

Platform: 
  win32 x64

Trace: 
  Error: UNKNOWN: unknown error, scandir 'C:\Users\ksabbana\OneDrive - FactSet\Documents\GitHub\tab-tracker\server\node_modules\@nodelib\fs.scandir'

npm manifest: 
  {
    "name": "server",
    "version": "1.0.0",
    "description": "",
    "main": "index.js",
    "scripts": {
      "start": "node ./node_modules/nodemon/bin/nodemon.js src/app.js npm run lint && node ",
      "lint": "node ./node_modules/eslint/bin/eslint **/*.js --init"
    },
    "keywords": [],
    "author": "",
    "license": "ISC",
    "dependencies": {},
    "devDependencies": {
      "eslint": "^8.35.0",
      "nodemon": "^2.0.21"
    }
  }

yarn manifest: 
  No manifest

Lockfile: 
  No lockfile
